<?xml version="1.0" encoding="UTF-8"?>
<!-- Generated by org.testng.reporters.JUnitReportReporter -->
<testsuite hostname="paras-pc" failures="0" tests="1" name="Get" time="3.197" errors="0" timestamp="2022-12-17T19:09:58 IST" skipped="0">
  <testcase classname="Get" name="test_03" time="3.197"/>
  <system-out/>
</testsuite> <!-- Get -->
