<?xml version="1.0" encoding="UTF-8"?>
<!-- Generated by org.testng.reporters.JUnitReportReporter -->
<testsuite hostname="paras-pc" failures="0" tests="1" name="Delete" time="2.840" errors="0" timestamp="2022-12-17T19:15:11 IST" skipped="0">
  <testcase classname="Delete" name="test_4_delete" time="2.840"/>
  <system-out/>
</testsuite> <!-- Delete -->
