<?xml version="1.0" encoding="UTF-8"?>
<!-- Generated by org.testng.reporters.JUnitReportReporter -->
<testsuite hostname="paras-pc" failures="0" tests="1" name="Put" time="3.542" errors="0" timestamp="2022-12-17T18:59:06 IST" skipped="0">
  <testcase classname="Put" name="test_2_put" time="3.542"/>
  <system-out/>
</testsuite> <!-- Put -->
