<?xml version="1.0" encoding="UTF-8"?>
<!-- Generated by org.testng.reporters.JUnitReportReporter -->
<testsuite hostname="paras-pc" failures="0" tests="1" name="Post" time="3.464" errors="0" timestamp="2022-12-17T19:11:02 IST" skipped="0">
  <testcase classname="Post" name="test_1" time="3.464"/>
  <system-out/>
</testsuite> <!-- Post -->
